<?xml version="1.0" encoding="UTF-8"?>
<!-- Generated by org.testng.reporters.JUnitReportReporter -->
<testsuite hostname="DESKTOP-E0RLG1G" failures="0" tests="1" name="Appium_test.TestBase" time="17.188" errors="0" timestamp="2024-09-28T23:45:50 IST" skipped="0">
  <testcase classname="Appium_test.TestBase" name="configureAppium" time="17.188"/>
</testsuite> <!-- Appium_test.TestBase -->
