<?xml version="1.0" encoding="UTF-8"?>
<!-- Generated by org.testng.reporters.JUnitReportReporter -->
<testsuite hostname="DESKTOP-E0RLG1G" failures="0" tests="2" name="Appium_test.TC1_eCommerce" time="26.499" errors="0" timestamp="2024-09-29T15:30:47 IST" skipped="0">
  <testcase classname="Appium_test.TC1_eCommerce" name="FillForm" time="21.123"/>
  <testcase classname="Appium_test.TC1_eCommerce" name="ProductAddingToCart" time="5.376"/>
</testsuite> <!-- Appium_test.TC1_eCommerce -->
