<?xml version="1.0" encoding="UTF-8"?>
<!-- Generated by org.testng.reporters.JUnitReportReporter -->
<testsuite hostname="DESKTOP-E0RLG1G" failures="0" tests="1" name="Appium_test.Mobile_automation" time="8.649" errors="0" timestamp="2024-09-28T23:28:56 IST" skipped="0">
  <testcase classname="Appium_test.Mobile_automation" name="AppiumTest" time="8.649"/>
</testsuite> <!-- Appium_test.Mobile_automation -->
